0 info it worked if it ends with ok
1 verbose cli [ '/Users/jordanbundy/.node/bin/node',
1 verbose cli   '/Users/jordanbundy/.node/bin/npm',
1 verbose cli   'start' ]
2 info using npm@2.11.3
3 info using node@v0.12.7
4 verbose stack Error: Failed to parse json
4 verbose stack Unexpected token 's' at 8:6
4 verbose stack     "start": "node lib/server.js"
4 verbose stack      ^
4 verbose stack     at parseError (/Users/jordanbundy/.node/lib/node_modules/npm/node_modules/read-package-json/read-json.js:379:11)
4 verbose stack     at parseJson (/Users/jordanbundy/.node/lib/node_modules/npm/node_modules/read-package-json/read-json.js:68:23)
4 verbose stack     at /Users/jordanbundy/.node/lib/node_modules/npm/node_modules/read-package-json/read-json.js:48:5
4 verbose stack     at evalmachine.<anonymous>:334:14
4 verbose stack     at /Users/jordanbundy/.node/lib/node_modules/npm/node_modules/graceful-fs/graceful-fs.js:102:5
4 verbose stack     at FSReqWrap.oncomplete (evalmachine.<anonymous>:95:15)
5 verbose cwd /Users/jordanbundy/Sites/codeFellows/word-guesser
6 error Darwin 14.5.0
7 error argv "/Users/jordanbundy/.node/bin/node" "/Users/jordanbundy/.node/bin/npm" "start"
8 error node v0.12.7
9 error npm  v2.11.3
10 error file /Users/jordanbundy/Sites/codeFellows/word-guesser/package.json
11 error code EJSONPARSE
12 error Failed to parse json
12 error Unexpected token 's' at 8:6
12 error     "start": "node lib/server.js"
12 error      ^
13 error File: /Users/jordanbundy/Sites/codeFellows/word-guesser/package.json
14 error Failed to parse package.json data.
14 error package.json must be actual JSON, not just JavaScript.
14 error
14 error This is not a bug in npm.
14 error Tell the package author to fix their package.json file. JSON.parse
15 verbose exit [ 1, true ]
